2026-03-05 10:31:32.410{Asia/Shanghai} [main] INFO  com.example.demo.DemoApplication - Starting DemoApplication using Java 21.0.10 with PID 274813 (/home/srhskah/SpB/curling-masters/build/classes/java/main started by srhskah in /home/srhskah/SpB/curling-masters)
2026-03-05 10:31:32.414{Asia/Shanghai} [main] DEBUG com.example.demo.DemoApplication - Running with Spring Boot v3.1.10, Spring v6.0.18
2026-03-05 10:31:32.415{Asia/Shanghai} [main] INFO  com.example.demo.DemoApplication - No active profile set, falling back to 1 default profile: "default"
2026-03-05 10:31:33.184{Asia/Shanghai} [main] DEBUG o.apache.ibatis.logging.LogFactory - Logging initialized using 'class org.apache.ibatis.logging.slf4j.Slf4jImpl' adapter.
2026-03-05 10:31:33.748{Asia/Shanghai} [main] INFO  o.s.b.w.e.tomcat.TomcatWebServer - Tomcat initialized with port(s): 8080 (http)
2026-03-05 10:31:33.757{Asia/Shanghai} [main] INFO  o.a.coyote.http11.Http11NioProtocol - Initializing ProtocolHandler ["http-nio-0.0.0.0-8080"]
2026-03-05 10:31:33.760{Asia/Shanghai} [main] INFO  o.a.catalina.core.StandardService - Starting service [Tomcat]
2026-03-05 10:31:33.761{Asia/Shanghai} [main] INFO  o.a.catalina.core.StandardEngine - Starting Servlet engine: [Apache Tomcat/10.1.19]
2026-03-05 10:31:33.855{Asia/Shanghai} [main] INFO  o.a.c.c.C.[Tomcat].[localhost].[/] - Initializing Spring embedded WebApplicationContext
2026-03-05 10:31:33.857{Asia/Shanghai} [main] INFO  o.s.b.w.s.c.ServletWebServerApplicationContext - Root WebApplicationContext: initialization completed in 1384 ms
2026-03-05 10:31:34.152{Asia/Shanghai} [main] INFO  o.f.c.i.license.VersionPrinter - Flyway Community Edition 9.16.3 by Redgate
2026-03-05 10:31:34.153{Asia/Shanghai} [main] INFO  o.f.c.i.license.VersionPrinter - See release notes here: https://rd.gt/416ObMi
2026-03-05 10:31:34.153{Asia/Shanghai} [main] INFO  o.f.c.i.license.VersionPrinter - 
2026-03-05 10:31:34.160{Asia/Shanghai} [main] INFO  com.zaxxer.hikari.HikariDataSource - HikariPool-1 - Starting...
2026-03-05 10:31:34.293{Asia/Shanghai} [main] INFO  com.zaxxer.hikari.pool.HikariPool - HikariPool-1 - Added connection com.mysql.cj.jdbc.ConnectionImpl@5fffb692
2026-03-05 10:31:34.296{Asia/Shanghai} [main] INFO  com.zaxxer.hikari.HikariDataSource - HikariPool-1 - Start completed.
2026-03-05 10:31:34.324{Asia/Shanghai} [main] INFO  o.f.c.i.d.base.BaseDatabaseType - Database: jdbc:mysql://localhost:3306/curling_masters (MySQL 8.0)
2026-03-05 10:31:34.420{Asia/Shanghai} [main] INFO  o.f.core.internal.command.DbValidate - Successfully validated 1 migration (execution time 00:00.020s)
2026-03-05 10:31:34.433{Asia/Shanghai} [main] INFO  o.f.core.internal.command.DbMigrate - Current version of schema `curling_masters`: 1
2026-03-05 10:31:34.434{Asia/Shanghai} [main] INFO  o.f.core.internal.command.DbMigrate - Schema `curling_masters` is up to date. No migration necessary.
2026-03-05 10:31:35.456{Asia/Shanghai} [main] INFO  o.s.s.web.DefaultSecurityFilterChain - Will secure any request with [org.springframework.security.web.session.DisableEncodeUrlFilter@6e93b0e7, org.springframework.security.web.context.request.async.WebAsyncManagerIntegrationFilter@5eeee124, org.springframework.security.web.context.SecurityContextHolderFilter@4243341e, org.springframework.security.web.header.HeaderWriterFilter@7996d0d4, org.springframework.security.web.authentication.logout.LogoutFilter@6d17914a, org.springframework.security.web.authentication.UsernamePasswordAuthenticationFilter@e795a1d, org.springframework.security.web.savedrequest.RequestCacheAwareFilter@7e0986c9, org.springframework.security.web.servletapi.SecurityContextHolderAwareRequestFilter@48cf8414, org.springframework.security.web.authentication.AnonymousAuthenticationFilter@62cd562d, org.springframework.security.web.access.ExceptionTranslationFilter@455f4483, org.springframework.security.web.access.intercept.AuthorizationFilter@43deba42]
2026-03-05 10:31:35.657{Asia/Shanghai} [main] INFO  o.a.coyote.http11.Http11NioProtocol - Starting ProtocolHandler ["http-nio-0.0.0.0-8080"]
2026-03-05 10:31:35.673{Asia/Shanghai} [main] INFO  o.s.b.w.e.tomcat.TomcatWebServer - Tomcat started on port(s): 8080 (http) with context path ''
2026-03-05 10:31:35.681{Asia/Shanghai} [main] INFO  com.example.demo.DemoApplication - Started DemoApplication in 3.755 seconds (process running for 4.105)
2026-03-05 10:43:08.056{Asia/Shanghai} [SpringApplicationShutdownHook] INFO  com.zaxxer.hikari.HikariDataSource - HikariPool-1 - Shutdown initiated...
2026-03-05 10:43:08.127{Asia/Shanghai} [SpringApplicationShutdownHook] INFO  com.zaxxer.hikari.HikariDataSource - HikariPool-1 - Shutdown completed.
